[debug] [2025-07-03T20:23:18.192Z] ----------------------------------------------------------------------
[debug] [2025-07-03T20:23:18.195Z] Command:       C:\Program Files\nodejs\node.exe C:\Users\jjack\AppData\Roaming\npm\node_modules\firebase-tools\lib\bin\firebase.js init
[debug] [2025-07-03T20:23:18.196Z] CLI Version:   14.9.0
[debug] [2025-07-03T20:23:18.196Z] Platform:      win32
[debug] [2025-07-03T20:23:18.196Z] Node Version:  v22.17.0
[debug] [2025-07-03T20:23:18.197Z] Time:          Thu Jul 03 2025 15:23:18 GMT-0500 (Central Daylight Time)
[debug] [2025-07-03T20:23:18.197Z] ----------------------------------------------------------------------
[debug] 
[debug] [2025-07-03T20:23:18.202Z] > command requires scopes: ["email","openid","https://www.googleapis.com/auth/cloudplatformprojects.readonly","https://www.googleapis.com/auth/firebase","https://www.googleapis.com/auth/cloud-platform"]
[debug] [2025-07-03T20:23:18.203Z] > authorizing via signed-in user (jjackson3237@gmail.com)
[info] 
     ######## #### ########  ######## ########     ###     ######  ########
     ##        ##  ##     ## ##       ##     ##  ##   ##  ##       ##
     ######    ##  ########  ######   ########  #########  ######  ######
     ##        ##  ##    ##  ##       ##     ## ##     ##       ## ##
     ##       #### ##     ## ######## ########  ##     ##  ######  ########

You're about to initialize a Firebase project in this directory:

  C:\Development\Simple Websites\Araba50

Before we get started, keep in mind:

  * You are currently outside your home directory

[info] 
=== Project Setup
[info] 
[info] First, let's associate this project directory with a Firebase project.
[info] You can create multiple project aliases by running firebase use --add, 
[info] but for now we'll just set up a default project.
[info] 
[debug] [2025-07-03T20:25:12.026Z] Checked if tokens are valid: true, expires at: 1751577750942
[debug] [2025-07-03T20:25:12.027Z] Checked if tokens are valid: true, expires at: 1751577750942
[debug] [2025-07-03T20:25:12.028Z] >>> [apiv2][query] GET https://firebase.googleapis.com/v1beta1/projects pageSize=100
[debug] [2025-07-03T20:25:12.471Z] <<< [apiv2][status] GET https://firebase.googleapis.com/v1beta1/projects 200
[debug] [2025-07-03T20:25:12.471Z] <<< [apiv2][body] GET https://firebase.googleapis.com/v1beta1/projects [omitted]
[info] i  Using project araba50messages (Araba50Messages) 
[info] 
=== Firestore Setup
[info] i  firestore: ensuring required API firestore.googleapis.com is enabled... 
[debug] [2025-07-03T20:25:15.097Z] Checked if tokens are valid: true, expires at: 1751577750942
[debug] [2025-07-03T20:25:15.097Z] Checked if tokens are valid: true, expires at: 1751577750942
[debug] [2025-07-03T20:25:15.097Z] >>> [apiv2][query] GET https://serviceusage.googleapis.com/v1/projects/araba50messages/services/firestore.googleapis.com [none]
[debug] [2025-07-03T20:25:15.097Z] >>> [apiv2][(partial)header] GET https://serviceusage.googleapis.com/v1/projects/araba50messages/services/firestore.googleapis.com x-goog-quota-user=projects/araba50messages
[debug] [2025-07-03T20:25:15.488Z] <<< [apiv2][status] GET https://serviceusage.googleapis.com/v1/projects/araba50messages/services/firestore.googleapis.com 200
[debug] [2025-07-03T20:25:15.488Z] <<< [apiv2][body] GET https://serviceusage.googleapis.com/v1/projects/araba50messages/services/firestore.googleapis.com [omitted]
[info] +  firestore: required API firestore.googleapis.com is enabled 
[debug] [2025-07-03T20:25:15.515Z] Checked if tokens are valid: true, expires at: 1751577750942
[debug] [2025-07-03T20:25:15.515Z] Checked if tokens are valid: true, expires at: 1751577750942
[debug] [2025-07-03T20:25:15.515Z] >>> [apiv2][query] GET https://firestore.googleapis.com/v1/projects/araba50messages/databases [none]
[debug] [2025-07-03T20:25:15.962Z] <<< [apiv2][status] GET https://firestore.googleapis.com/v1/projects/araba50messages/databases 200
[debug] [2025-07-03T20:25:15.962Z] <<< [apiv2][body] GET https://firestore.googleapis.com/v1/projects/araba50messages/databases {"databases":[{"name":"projects/araba50messages/databases/(default)","uid":"e31388df-e8c9-4064-8d46-c9cf4aa6ef29","createTime":"2025-07-02T01:02:43.463523Z","updateTime":"2025-07-02T01:02:43.463523Z","locationId":"nam5","type":"FIRESTORE_NATIVE","concurrencyMode":"PESSIMISTIC","versionRetentionPeriod":"3600s","earliestVersionTime":"2025-07-03T19:25:15.909763Z","appEngineIntegrationMode":"DISABLED","keyPrefix":"s","pointInTimeRecoveryEnablement":"POINT_IN_TIME_RECOVERY_DISABLED","deleteProtectionState":"DELETE_PROTECTION_DISABLED","databaseEdition":"STANDARD","freeTier":true,"etag":"IMWOiufCoY4DMKDwhpj9nI4D"}]}
[info] 
[info] Firestore Security Rules allow you to define how and when to allow
[info] requests. You can keep these rules in your project directory
[info] and publish them with firebase deploy.
[info] 
[debug] [2025-07-03T20:25:34.346Z] Checked if tokens are valid: true, expires at: 1751577750942
[debug] [2025-07-03T20:25:34.346Z] Checked if tokens are valid: true, expires at: 1751577750942
[debug] [2025-07-03T20:25:34.347Z] >>> [apiv2][query] GET https://firebaserules.googleapis.com/v1/projects/araba50messages/releases pageSize=10&pageToken=
[debug] [2025-07-03T20:25:34.615Z] <<< [apiv2][status] GET https://firebaserules.googleapis.com/v1/projects/araba50messages/releases 200
[debug] [2025-07-03T20:25:34.615Z] <<< [apiv2][body] GET https://firebaserules.googleapis.com/v1/projects/araba50messages/releases {"releases":[{"name":"projects/araba50messages/releases/cloud.firestore","rulesetName":"projects/araba50messages/rulesets/be083472-68f5-4ede-a001-f47a8c5600b1","createTime":"2025-07-02T01:02:47.488869Z","updateTime":"2025-07-02T01:02:47.488869Z"}]}
[debug] [2025-07-03T20:25:34.615Z] Checked if tokens are valid: true, expires at: 1751577750942
[debug] [2025-07-03T20:25:34.615Z] Checked if tokens are valid: true, expires at: 1751577750942
[debug] [2025-07-03T20:25:34.615Z] >>> [apiv2][query] GET https://firebaserules.googleapis.com/v1/projects/araba50messages/rulesets/be083472-68f5-4ede-a001-f47a8c5600b1 [none]
[debug] [2025-07-03T20:25:34.730Z] <<< [apiv2][status] GET https://firebaserules.googleapis.com/v1/projects/araba50messages/rulesets/be083472-68f5-4ede-a001-f47a8c5600b1 200
[debug] [2025-07-03T20:25:34.730Z] <<< [apiv2][body] GET https://firebaserules.googleapis.com/v1/projects/araba50messages/rulesets/be083472-68f5-4ede-a001-f47a8c5600b1 [omitted]
[info] i  Downloaded the existing Firestore Security Rules from the Firebase console 
[info] 
[info] Firestore indexes allow you to perform complex queries while
[info] maintaining performance that scales with the size of the result
[info] set. You can keep index definitions in your project directory
[info] and publish them with firebase deploy.
[info] 
[debug] [2025-07-03T20:25:38.634Z] Checked if tokens are valid: true, expires at: 1751577750942
[debug] [2025-07-03T20:25:38.634Z] Checked if tokens are valid: true, expires at: 1751577750942
[debug] [2025-07-03T20:25:38.634Z] Checked if tokens are valid: true, expires at: 1751577750942
[debug] [2025-07-03T20:25:38.634Z] Checked if tokens are valid: true, expires at: 1751577750942
[debug] [2025-07-03T20:25:38.634Z] >>> [apiv2][query] GET https://firestore.googleapis.com/v1/projects/araba50messages/databases/(default)/collectionGroups/-/indexes [none]
[debug] [2025-07-03T20:25:38.636Z] >>> [apiv2][query] GET https://firestore.googleapis.com/v1/projects/araba50messages/databases/(default)/collectionGroups/-/fields?filter=indexConfig.usesAncestorConfig=false OR ttlConfig:* [none]
[debug] [2025-07-03T20:25:38.960Z] <<< [apiv2][status] GET https://firestore.googleapis.com/v1/projects/araba50messages/databases/(default)/collectionGroups/-/fields?filter=indexConfig.usesAncestorConfig=false OR ttlConfig:* 200
[debug] [2025-07-03T20:25:38.960Z] <<< [apiv2][body] GET https://firestore.googleapis.com/v1/projects/araba50messages/databases/(default)/collectionGroups/-/fields?filter=indexConfig.usesAncestorConfig=false OR ttlConfig:* {"fields":[{"name":"projects/araba50messages/databases/(default)/collectionGroups/__default__/fields/*","indexConfig":{"indexes":[{"queryScope":"COLLECTION","fields":[{"fieldPath":"*","order":"ASCENDING"}],"state":"READY"},{"queryScope":"COLLECTION","fields":[{"fieldPath":"*","order":"DESCENDING"}],"state":"READY"},{"queryScope":"COLLECTION","fields":[{"fieldPath":"*","arrayConfig":"CONTAINS"}],"state":"READY"}]}}]}
[debug] [2025-07-03T20:25:39.007Z] <<< [apiv2][status] GET https://firestore.googleapis.com/v1/projects/araba50messages/databases/(default)/collectionGroups/-/indexes 200
[debug] [2025-07-03T20:25:39.007Z] <<< [apiv2][body] GET https://firestore.googleapis.com/v1/projects/araba50messages/databases/(default)/collectionGroups/-/indexes {}
[info] i  Downloaded the existing Firestore indexes from the Firebase console 
[info] +  Wrote firestore.rules 
[info] +  Wrote firestore.indexes.json 
[info] 
=== Hosting Setup
[debug] [2025-07-03T20:25:39.010Z] Checked if tokens are valid: true, expires at: 1751577750942
[debug] [2025-07-03T20:25:39.010Z] Checked if tokens are valid: true, expires at: 1751577750942
[debug] [2025-07-03T20:25:39.010Z] >>> [apiv2][query] GET https://firebase.googleapis.com/v1beta1/projects/araba50messages [none]
[debug] [2025-07-03T20:25:39.312Z] <<< [apiv2][status] GET https://firebase.googleapis.com/v1beta1/projects/araba50messages 200
[debug] [2025-07-03T20:25:39.312Z] <<< [apiv2][body] GET https://firebase.googleapis.com/v1beta1/projects/araba50messages {"projectId":"araba50messages","projectNumber":"805734328558","displayName":"Araba50Messages","name":"projects/araba50messages","resources":{"hostingSite":"araba50messages"},"state":"ACTIVE","etag":"1_154284f5-1547-47ad-8426-d718744f3272"}
[info] 
[info] Your public directory is the folder (relative to your project directory) that
[info] will contain Hosting assets to be uploaded with firebase deploy. If you
[info] have a build process for your assets, use your build's output directory.
[info] 
[debug] [2025-07-03T20:26:16.282Z] >>> [apiv2][query] GET https://www.gstatic.com/firebasejs/releases.json [none]
[debug] [2025-07-03T20:26:16.467Z] <<< [apiv2][status] GET https://www.gstatic.com/firebasejs/releases.json 200
[debug] [2025-07-03T20:26:16.467Z] <<< [apiv2][body] GET https://www.gstatic.com/firebasejs/releases.json {"current":{"version":"11.10.0","browserURL":"https://www.gstatic.com/firebasejs/11.10.0/firebase.js","packageURL":"https://www.gstatic.com/firebasejs/11.10.0/firebase.tgz"},"live":{"version":"11.10","browserURL":"https://www.gstatic.com/firebasejs/live/11.10/firebase.js","packageURL":"https://www.gstatic.com/firebasejs/live/11.10/firebase.tgz"},"components":{"ai":"https://www.gstatic.com/firebasejs/11.10.0/firebase-ai.js","analytics":"https://www.gstatic.com/firebasejs/11.10.0/firebase-analytics.js","app":"https://www.gstatic.com/firebasejs/11.10.0/firebase-app.js","app-check":"https://www.gstatic.com/firebasejs/11.10.0/firebase-app-check.js","auth":"https://www.gstatic.com/firebasejs/11.10.0/firebase-auth.js","auth/cordova":"https://www.gstatic.com/firebasejs/11.10.0/firebase-auth/cordova.js","auth/web-extension":"https://www.gstatic.com/firebasejs/11.10.0/firebase-auth/web-extension.js","functions":"https://www.gstatic.com/firebasejs/11.10.0/firebase-functions.js","firestore":"https://www.gstatic.com/firebasejs/11.10.0/firebase-firestore.js","firestore/lite":"https://www.gstatic.com/firebasejs/11.10.0/firebase-firestore/lite.js","installations":"https://www.gstatic.com/firebasejs/11.10.0/firebase-installations.js","storage":"https://www.gstatic.com/firebasejs/11.10.0/firebase-storage.js","performance":"https://www.gstatic.com/firebasejs/11.10.0/firebase-performance.js","remote-config":"https://www.gstatic.com/firebasejs/11.10.0/firebase-remote-config.js","messaging":"https://www.gstatic.com/firebasejs/11.10.0/firebase-messaging.js","messaging/sw":"https://www.gstatic.com/firebasejs/11.10.0/firebase-messaging/sw.js","database":"https://www.gstatic.com/firebasejs/11.10.0/firebase-database.js","vertexai":"https://www.gstatic.com/firebasejs/11.10.0/firebase-vertexai.js","data-connect":"https://www.gstatic.com/firebasejs/11.10.0/firebase-data-connect.js","firestore.memory":"https://www.gstatic.com/firebasejs/11.10.0/firebase-firestore.memory.js"}}
[info] +  Wrote public/index.html 
[info] 
[info] i  Didn't detect a .git folder. Assuming C:\Development\Simple Websites\Araba50 is the project root. 
[info] i  Authorizing with GitHub to upload your service account to a GitHub repository's secrets store. 
[info] 
[info] Visit this URL on this device to log in:
[info] https://github.com/login/oauth/authorize?client_id=89cf50f02ac6aaed3484&state=635040143&redirect_uri=http%3A%2F%2Flocalhost%3A9005&scope=read%3Auser%20repo%20public_repo
[info] 
[info] Waiting for authentication...
[debug] [2025-07-03T20:26:17.055Z] >>> [apiv2][query] POST https://github.com/login/oauth/access_token [none]
[debug] [2025-07-03T20:26:17.055Z] >>> [apiv2][body] POST https://github.com/login/oauth/access_token [stream]
[debug] [2025-07-03T20:26:17.372Z] <<< [apiv2][status] POST https://github.com/login/oauth/access_token 200
[debug] [2025-07-03T20:26:17.372Z] <<< [apiv2][body] POST https://github.com/login/oauth/access_token {"access_token":"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","token_type":"bearer","scope":"read:user,repo"}
[debug] [2025-07-03T20:26:17.375Z] >>> [apiv2][query] GET https://api.github.com/user [none]
[debug] [2025-07-03T20:26:17.691Z] <<< [apiv2][status] GET https://api.github.com/user 200
[debug] [2025-07-03T20:26:17.691Z] <<< [apiv2][body] GET https://api.github.com/user {"login":"Jack-Sinn","id":130941755,"node_id":"U_kgDOB84DOw","avatar_url":"https://avatars.githubusercontent.com/u/130941755?v=4","gravatar_id":"","url":"https://api.github.com/users/Jack-Sinn","html_url":"https://github.com/Jack-Sinn","followers_url":"https://api.github.com/users/Jack-Sinn/followers","following_url":"https://api.github.com/users/Jack-Sinn/following{/other_user}","gists_url":"https://api.github.com/users/Jack-Sinn/gists{/gist_id}","starred_url":"https://api.github.com/users/Jack-Sinn/starred{/owner}{/repo}","subscriptions_url":"https://api.github.com/users/Jack-Sinn/subscriptions","organizations_url":"https://api.github.com/users/Jack-Sinn/orgs","repos_url":"https://api.github.com/users/Jack-Sinn/repos","events_url":"https://api.github.com/users/Jack-Sinn/events{/privacy}","received_events_url":"https://api.github.com/users/Jack-Sinn/received_events","type":"User","user_view_type":"private","site_admin":false,"name":"Jeffrey Jackson","company":"Freelancer","blog":"","location":"Fort Worth, Texas","email":null,"hireable":null,"bio":"Swiftly Developing Software Developer. I've always coded for fun, now I want to code fun and profit.","twitter_username":null,"notification_email":null,"public_repos":20,"public_gists":0,"followers":1,"following":0,"created_at":"2023-04-17T00:21:35Z","updated_at":"2025-06-30T02:25:35Z","private_gists":0,"total_private_repos":39,"owned_private_repos":39,"disk_usage":336632,"collaborators":0,"two_factor_authentication":false,"plan":{"name":"pro","space":976562499,"collaborators":0,"private_repos":9999}}
[info] 
[info] +  Success! Logged into GitHub as Jack-Sinn 
[info] 
[debug] [2025-07-03T20:26:39.697Z] >>> [apiv2][query] GET https://api.github.com/repos/Araba50/actions/secrets/public-key type=owner
[debug] [2025-07-03T20:26:39.940Z] <<< [apiv2][status] GET https://api.github.com/repos/Araba50/actions/secrets/public-key 404
[debug] [2025-07-03T20:26:39.940Z] <<< [apiv2][body] GET https://api.github.com/repos/Araba50/actions/secrets/public-key {"message":"Not Found","documentation_url":"https://docs.github.com/rest","status":"404"}
[info] 
[info] 
[error] !  The provided authorization cannot be used with this repository. If this repository is in an organization, did you remember to grant access? 
[info] 
[info] i  Action required: Visit this URL to ensure access has been granted to the appropriate organization(s) for the Firebase CLI GitHub OAuth App: 
[info] https://github.com/settings/connections/applications/89cf50f02ac6aaed3484
[info] 
[debug] [2025-07-03T20:27:07.799Z] ExitPromptError: User force closed the prompt with SIGINT
    at Interface.sigint (C:\Users\jjack\AppData\Roaming\npm\node_modules\firebase-tools\node_modules\@inquirer\core\dist\commonjs\lib\create-prompt.js:101:37)
    at Interface.emit (node:events:518:28)
    at Interface.emit (node:domain:489:12)
    at [_ttyWrite] [as _ttyWrite] (node:internal/readline/interface:1132:18)
    at ReadStream.onkeypress (node:internal/readline/interface:271:20)
    at ReadStream.emit (node:events:530:35)
    at ReadStream.emit (node:domain:489:12)
    at emitKeys (node:internal/readline/utils:370:14)
    at emitKeys.next (<anonymous>)
    at ReadStream.onData (node:internal/readline/emitKeypressEvents:64:36)
[error] 
[error] Error: An unexpected error has occurred.
